<?xml version="1.0" encoding="UTF-8"?>
<testsuite name="com.sp.unitt.files.domain.파일생성" tests="2" skipped="0" failures="0" errors="0" timestamp="2022-02-02T10:57:56" hostname="Programmerui-MacBookPro.local" time="0.002">
  <properties/>
  <testcase name="1.루트 디렉토라 밑으로 파일이 생성된다" classname="com.sp.unitt.files.domain.파일생성" time="0.001"/>
  <testcase name="2. 하위 디렉토리를 만든다." classname="com.sp.unitt.files.domain.파일생성" time="0.001"/>
  <system-out><![CDATA[]]></system-out>
  <system-err><![CDATA[]]></system-err>
</testsuite>
